Determining if the include file pthread.h exists failed with the following output:
Change Dir: C:/Users/Kristofer Kappel/Documents/Facul/CG/CG_UFPel/CMakeFiles/CMakeTmp

Run Build Command:"C:\Program Files (x86)\Microsoft Visual Studio\2017\Community/MSBuild/15.0/Bin/MSBuild.exe" "cmTC_de3bc.vcxproj" "/p:Configuration=Debug" "/p:VisualStudioVersion=15.0"
Microsoft(R) Build Engine versÆo 15.3.409.57025 para .NET Framework 
Copyright (C) Microsoft Corporation. Todos os direitos reservados.

Compila‡Æo de 28/09/2017 18:44:54 iniciada.
Projeto "C:\Users\Kristofer Kappel\Documents\Facul\CG\CG_UFPel\CMakeFiles\CMakeTmp\cmTC_de3bc.vcxproj" no n¢ 1 (destinos padrÆo).
PrepareForBuild:
  Criando o diret¢rio "cmTC_de3bc.dir\Debug\".
  Criando o diret¢rio "C:\Users\Kristofer Kappel\Documents\Facul\CG\CG_UFPel\CMakeFiles\CMakeTmp\Debug\".
  Criando o diret¢rio "cmTC_de3bc.dir\Debug\cmTC_de3bc.tlog\".
InitializeBuildStatus:
  Criando "cmTC_de3bc.dir\Debug\cmTC_de3bc.tlog\unsuccessfulbuild" porque "AlwaysCreate" foi especificado.
ClCompile:
  C:\Program Files (x86)\Microsoft Visual Studio\2017\Community\VC\Tools\MSVC\14.11.25503\bin\HostX86\x86\CL.exe /c /Zi /W3 /WX- /diagnostics:classic /Od /Ob0 /Oy- /D WIN32 /D _WINDOWS /D "CMAKE_INTDIR=\"Debug\"" /D _MBCS /Gm- /RTC1 /MDd /GS /fp:precise /Zc:wchar_t /Zc:forScope /Zc:inline /Fo"cmTC_de3bc.dir\Debug\\" /Fd"cmTC_de3bc.dir\Debug\vc141.pdb" /Gd /TC /analyze- /errorReport:queue "C:\Users\Kristofer Kappel\Documents\Facul\CG\CG_UFPel\CMakeFiles\CMakeTmp\CheckIncludeFile.c"
  Microsoft (R) C/C++ Optimizing Compiler VersÆo 19.11.25508.2 para x86
  Copyright (C) Microsoft Corporation. Todos os direitos reservados.
  
  cl /c /Zi /W3 /WX- /diagnostics:classic /Od /Ob0 /Oy- /D WIN32 /D _WINDOWS /D "CMAKE_INTDIR=\"Debug\"" /D _MBCS /Gm- /RTC1 /MDd /GS /fp:precise /Zc:wchar_t /Zc:forScope /Zc:inline /Fo"cmTC_de3bc.dir\Debug\\" /Fd"cmTC_de3bc.dir\Debug\vc141.pdb" /Gd /TC /analyze- /errorReport:queue "C:\Users\Kristofer Kappel\Documents\Facul\CG\CG_UFPel\CMakeFiles\CMakeTmp\CheckIncludeFile.c"
  
  CheckIncludeFile.c
C:\Users\Kristofer Kappel\Documents\Facul\CG\CG_UFPel\CMakeFiles\CMakeTmp\CheckIncludeFile.c(1): fatal error C1083: NÆo ‚ poss¡vel abrir arquivo incluir: 'pthread.h': No such file or directory [C:\Users\Kristofer Kappel\Documents\Facul\CG\CG_UFPel\CMakeFiles\CMakeTmp\cmTC_de3bc.vcxproj]
Projeto de compila‡Æo pronto "C:\Users\Kristofer Kappel\Documents\Facul\CG\CG_UFPel\CMakeFiles\CMakeTmp\cmTC_de3bc.vcxproj" (destinos padrÆo) -- FALHA.

FALHA da compila‡Æo.

"C:\Users\Kristofer Kappel\Documents\Facul\CG\CG_UFPel\CMakeFiles\CMakeTmp\cmTC_de3bc.vcxproj" (destino padrÆo) (1) ->
(ClCompile destino) -> 
  C:\Users\Kristofer Kappel\Documents\Facul\CG\CG_UFPel\CMakeFiles\CMakeTmp\CheckIncludeFile.c(1): fatal error C1083: NÆo ‚ poss¡vel abrir arquivo incluir: 'pthread.h': No such file or directory [C:\Users\Kristofer Kappel\Documents\Facul\CG\CG_UFPel\CMakeFiles\CMakeTmp\cmTC_de3bc.vcxproj]

    0 Aviso(s)
    1 Erro(s)

Tempo Decorrido 00:00:03.28


Determining size of off64_t failed with the following output:
Change Dir: C:/Users/Kristofer Kappel/Documents/Facul/CG/CG_UFPel/CMakeFiles/CMakeTmp

Run Build Command:"C:\Program Files (x86)\Microsoft Visual Studio\2017\Community/MSBuild/15.0/Bin/MSBuild.exe" "cmTC_d172e.vcxproj" "/p:Configuration=Debug" "/p:VisualStudioVersion=15.0"
Microsoft(R) Build Engine versÆo 15.3.409.57025 para .NET Framework 
Copyright (C) Microsoft Corporation. Todos os direitos reservados.

Compila‡Æo de 28/09/2017 18:45:11 iniciada.
Projeto "C:\Users\Kristofer Kappel\Documents\Facul\CG\CG_UFPel\CMakeFiles\CMakeTmp\cmTC_d172e.vcxproj" no n¢ 1 (destinos padrÆo).
PrepareForBuild:
  Criando o diret¢rio "cmTC_d172e.dir\Debug\".
  Criando o diret¢rio "C:\Users\Kristofer Kappel\Documents\Facul\CG\CG_UFPel\CMakeFiles\CMakeTmp\Debug\".
  Criando o diret¢rio "cmTC_d172e.dir\Debug\cmTC_d172e.tlog\".
InitializeBuildStatus:
  Criando "cmTC_d172e.dir\Debug\cmTC_d172e.tlog\unsuccessfulbuild" porque "AlwaysCreate" foi especificado.
ClCompile:
  C:\Program Files (x86)\Microsoft Visual Studio\2017\Community\VC\Tools\MSVC\14.11.25503\bin\HostX86\x86\CL.exe /c /Zi /W3 /WX- /diagnostics:classic /Od /Ob0 /Oy- /D WIN32 /D _WINDOWS /D _LARGEFILE64_SOURCE=1 /D HAVE_SYS_TYPES_H /D HAVE_STDINT_H /D HAVE_STDDEF_H /D "CMAKE_INTDIR=\"Debug\"" /D _MBCS /Gm- /RTC1 /MDd /GS /fp:precise /Zc:wchar_t /Zc:forScope /Zc:inline /Fo"cmTC_d172e.dir\Debug\\" /Fd"cmTC_d172e.dir\Debug\vc141.pdb" /Gd /TC /analyze- /errorReport:queue "C:\Users\Kristofer Kappel\Documents\Facul\CG\CG_UFPel\CMakeFiles\CheckTypeSize\OFF64_T.c"
  Microsoft (R) C/C++ Optimizing Compiler VersÆo 19.11.25508.2 para x86
  Copyright (C) Microsoft Corporation. Todos os direitos reservados.
  
  cl /c /Zi /W3 /WX- /diagnostics:classic /Od /Ob0 /Oy- /D WIN32 /D _WINDOWS /D _LARGEFILE64_SOURCE=1 /D HAVE_SYS_TYPES_H /D HAVE_STDINT_H /D HAVE_STDDEF_H /D "CMAKE_INTDIR=\"Debug\"" /D _MBCS /Gm- /RTC1 /MDd /GS /fp:precise /Zc:wchar_t /Zc:forScope /Zc:inline /Fo"cmTC_d172e.dir\Debug\\" /Fd"cmTC_d172e.dir\Debug\vc141.pdb" /Gd /TC /analyze- /errorReport:queue "C:\Users\Kristofer Kappel\Documents\Facul\CG\CG_UFPel\CMakeFiles\CheckTypeSize\OFF64_T.c"
  OFF64_T.c
  
C:\Users\Kristofer Kappel\Documents\Facul\CG\CG_UFPel\CMakeFiles\CheckTypeSize\OFF64_T.c(19): error C2065: 'off64_t': identificador nÆo declarado [C:\Users\Kristofer Kappel\Documents\Facul\CG\CG_UFPel\CMakeFiles\CMakeTmp\cmTC_d172e.vcxproj]
C:\Users\Kristofer Kappel\Documents\Facul\CG\CG_UFPel\CMakeFiles\CheckTypeSize\OFF64_T.c(20): error C2065: 'off64_t': identificador nÆo declarado [C:\Users\Kristofer Kappel\Documents\Facul\CG\CG_UFPel\CMakeFiles\CMakeTmp\cmTC_d172e.vcxproj]
C:\Users\Kristofer Kappel\Documents\Facul\CG\CG_UFPel\CMakeFiles\CheckTypeSize\OFF64_T.c(21): error C2065: 'off64_t': identificador nÆo declarado [C:\Users\Kristofer Kappel\Documents\Facul\CG\CG_UFPel\CMakeFiles\CMakeTmp\cmTC_d172e.vcxproj]
C:\Users\Kristofer Kappel\Documents\Facul\CG\CG_UFPel\CMakeFiles\CheckTypeSize\OFF64_T.c(22): error C2065: 'off64_t': identificador nÆo declarado [C:\Users\Kristofer Kappel\Documents\Facul\CG\CG_UFPel\CMakeFiles\CMakeTmp\cmTC_d172e.vcxproj]
C:\Users\Kristofer Kappel\Documents\Facul\CG\CG_UFPel\CMakeFiles\CheckTypeSize\OFF64_T.c(23): error C2065: 'off64_t': identificador nÆo declarado [C:\Users\Kristofer Kappel\Documents\Facul\CG\CG_UFPel\CMakeFiles\CMakeTmp\cmTC_d172e.vcxproj]
Projeto de compila‡Æo pronto "C:\Users\Kristofer Kappel\Documents\Facul\CG\CG_UFPel\CMakeFiles\CMakeTmp\cmTC_d172e.vcxproj" (destinos padrÆo) -- FALHA.

FALHA da compila‡Æo.

"C:\Users\Kristofer Kappel\Documents\Facul\CG\CG_UFPel\CMakeFiles\CMakeTmp\cmTC_d172e.vcxproj" (destino padrÆo) (1) ->
(ClCompile destino) -> 
  C:\Users\Kristofer Kappel\Documents\Facul\CG\CG_UFPel\CMakeFiles\CheckTypeSize\OFF64_T.c(19): error C2065: 'off64_t': identificador nÆo declarado [C:\Users\Kristofer Kappel\Documents\Facul\CG\CG_UFPel\CMakeFiles\CMakeTmp\cmTC_d172e.vcxproj]
  C:\Users\Kristofer Kappel\Documents\Facul\CG\CG_UFPel\CMakeFiles\CheckTypeSize\OFF64_T.c(20): error C2065: 'off64_t': identificador nÆo declarado [C:\Users\Kristofer Kappel\Documents\Facul\CG\CG_UFPel\CMakeFiles\CMakeTmp\cmTC_d172e.vcxproj]
  C:\Users\Kristofer Kappel\Documents\Facul\CG\CG_UFPel\CMakeFiles\CheckTypeSize\OFF64_T.c(21): error C2065: 'off64_t': identificador nÆo declarado [C:\Users\Kristofer Kappel\Documents\Facul\CG\CG_UFPel\CMakeFiles\CMakeTmp\cmTC_d172e.vcxproj]
  C:\Users\Kristofer Kappel\Documents\Facul\CG\CG_UFPel\CMakeFiles\CheckTypeSize\OFF64_T.c(22): error C2065: 'off64_t': identificador nÆo declarado [C:\Users\Kristofer Kappel\Documents\Facul\CG\CG_UFPel\CMakeFiles\CMakeTmp\cmTC_d172e.vcxproj]
  C:\Users\Kristofer Kappel\Documents\Facul\CG\CG_UFPel\CMakeFiles\CheckTypeSize\OFF64_T.c(23): error C2065: 'off64_t': identificador nÆo declarado [C:\Users\Kristofer Kappel\Documents\Facul\CG\CG_UFPel\CMakeFiles\CMakeTmp\cmTC_d172e.vcxproj]

    0 Aviso(s)
    5 Erro(s)

Tempo Decorrido 00:00:01.63

C:/Users/Kristofer Kappel/Documents/Facul/CG/CG_UFPel/CMakeFiles/CheckTypeSize/OFF64_T.c:
#include <sys/types.h>
#include <stdint.h>
#include <stddef.h>


#undef KEY
#if defined(__i386)
# define KEY '_','_','i','3','8','6'
#elif defined(__x86_64)
# define KEY '_','_','x','8','6','_','6','4'
#elif defined(__ppc__)
# define KEY '_','_','p','p','c','_','_'
#elif defined(__ppc64__)
# define KEY '_','_','p','p','c','6','4','_','_'
#endif

#define SIZE (sizeof(off64_t))
char info_size[] =  {'I', 'N', 'F', 'O', ':', 's','i','z','e','[',
  ('0' + ((SIZE / 10000)%10)),
  ('0' + ((SIZE / 1000)%10)),
  ('0' + ((SIZE / 100)%10)),
  ('0' + ((SIZE / 10)%10)),
  ('0' +  (SIZE    % 10)),
  ']',
#ifdef KEY
  ' ','k','e','y','[', KEY, ']',
#endif
  '\0'};

#ifdef __CLASSIC_C__
int main(argc, argv) int argc; char *argv[];
#else
int main(int argc, char *argv[])
#endif
{
  int require = 0;
  require += info_size[argc];
  (void)argv;
  return require;
}


Determining if the function fseeko exists failed with the following output:
Change Dir: C:/Users/Kristofer Kappel/Documents/Facul/CG/CG_UFPel/CMakeFiles/CMakeTmp

Run Build Command:"C:\Program Files (x86)\Microsoft Visual Studio\2017\Community/MSBuild/15.0/Bin/MSBuild.exe" "cmTC_34310.vcxproj" "/p:Configuration=Debug" "/p:VisualStudioVersion=15.0"
Microsoft(R) Build Engine versÆo 15.3.409.57025 para .NET Framework 
Copyright (C) Microsoft Corporation. Todos os direitos reservados.

Compila‡Æo de 28/09/2017 18:45:13 iniciada.
Projeto "C:\Users\Kristofer Kappel\Documents\Facul\CG\CG_UFPel\CMakeFiles\CMakeTmp\cmTC_34310.vcxproj" no n¢ 1 (destinos padrÆo).
PrepareForBuild:
  Criando o diret¢rio "cmTC_34310.dir\Debug\".
  Criando o diret¢rio "C:\Users\Kristofer Kappel\Documents\Facul\CG\CG_UFPel\CMakeFiles\CMakeTmp\Debug\".
  Criando o diret¢rio "cmTC_34310.dir\Debug\cmTC_34310.tlog\".
InitializeBuildStatus:
  Criando "cmTC_34310.dir\Debug\cmTC_34310.tlog\unsuccessfulbuild" porque "AlwaysCreate" foi especificado.
ClCompile:
  C:\Program Files (x86)\Microsoft Visual Studio\2017\Community\VC\Tools\MSVC\14.11.25503\bin\HostX86\x86\CL.exe /c /Zi /W3 /WX- /diagnostics:classic /Od /Ob0 /Oy- /D WIN32 /D _WINDOWS /D CHECK_FUNCTION_EXISTS=fseeko /D "CMAKE_INTDIR=\"Debug\"" /D _MBCS /Gm- /RTC1 /MDd /GS /fp:precise /Zc:wchar_t /Zc:forScope /Zc:inline /Fo"cmTC_34310.dir\Debug\\" /Fd"cmTC_34310.dir\Debug\vc141.pdb" /Gd /TC /analyze- /errorReport:queue "C:\Program Files\CMake\share\cmake-3.9\Modules\CheckFunctionExists.c"
  Microsoft (R) C/C++ Optimizing Compiler VersÆo 19.11.25508.2 para x86
  Copyright (C) Microsoft Corporation. Todos os direitos reservados.
  
  cl /c /Zi /W3 /WX- /diagnostics:classic /Od /Ob0 /Oy- /D WIN32 /D _WINDOWS /D CHECK_FUNCTION_EXISTS=fseeko /D "CMAKE_INTDIR=\"Debug\"" /D _MBCS /Gm- /RTC1 /MDd /GS /fp:precise /Zc:wchar_t /Zc:forScope /Zc:inline /Fo"cmTC_34310.dir\Debug\\" /Fd"cmTC_34310.dir\Debug\vc141.pdb" /Gd /TC /analyze- /errorReport:queue "C:\Program Files\CMake\share\cmake-3.9\Modules\CheckFunctionExists.c"
  
  CheckFunctionExists.c
Link:
  C:\Program Files (x86)\Microsoft Visual Studio\2017\Community\VC\Tools\MSVC\14.11.25503\bin\HostX86\x86\link.exe /ERRORREPORT:QUEUE /OUT:"C:\Users\Kristofer Kappel\Documents\Facul\CG\CG_UFPel\CMakeFiles\CMakeTmp\Debug\cmTC_34310.exe" /INCREMENTAL /NOLOGO kernel32.lib user32.lib gdi32.lib winspool.lib shell32.lib ole32.lib oleaut32.lib uuid.lib comdlg32.lib advapi32.lib /MANIFEST /MANIFESTUAC:"level='asInvoker' uiAccess='false'" /manifest:embed /DEBUG /PDB:"C:/Users/Kristofer Kappel/Documents/Facul/CG/CG_UFPel/CMakeFiles/CMakeTmp/Debug/cmTC_34310.pdb" /SUBSYSTEM:CONSOLE /TLBID:1 /DYNAMICBASE /NXCOMPAT /IMPLIB:"C:/Users/Kristofer Kappel/Documents/Facul/CG/CG_UFPel/CMakeFiles/CMakeTmp/Debug/cmTC_34310.lib" /MACHINE:X86 /SAFESEH  /machine:X86 cmTC_34310.dir\Debug\CheckFunctionExists.obj
CheckFunctionExists.obj : error LNK2019: símbolo externo indefinido _fseeko referenciado na função _main [C:\Users\Kristofer Kappel\Documents\Facul\CG\CG_UFPel\CMakeFiles\CMakeTmp\cmTC_34310.vcxproj]
C:\Users\Kristofer Kappel\Documents\Facul\CG\CG_UFPel\CMakeFiles\CMakeTmp\Debug\cmTC_34310.exe : fatal error LNK1120: 1 externo não resolvidos [C:\Users\Kristofer Kappel\Documents\Facul\CG\CG_UFPel\CMakeFiles\CMakeTmp\cmTC_34310.vcxproj]
Projeto de compila‡Æo pronto "C:\Users\Kristofer Kappel\Documents\Facul\CG\CG_UFPel\CMakeFiles\CMakeTmp\cmTC_34310.vcxproj" (destinos padrÆo) -- FALHA.

FALHA da compila‡Æo.

"C:\Users\Kristofer Kappel\Documents\Facul\CG\CG_UFPel\CMakeFiles\CMakeTmp\cmTC_34310.vcxproj" (destino padrÆo) (1) ->
(Link destino) -> 
  CheckFunctionExists.obj : error LNK2019: símbolo externo indefinido _fseeko referenciado na função _main [C:\Users\Kristofer Kappel\Documents\Facul\CG\CG_UFPel\CMakeFiles\CMakeTmp\cmTC_34310.vcxproj]
  C:\Users\Kristofer Kappel\Documents\Facul\CG\CG_UFPel\CMakeFiles\CMakeTmp\Debug\cmTC_34310.exe : fatal error LNK1120: 1 externo não resolvidos [C:\Users\Kristofer Kappel\Documents\Facul\CG\CG_UFPel\CMakeFiles\CMakeTmp\cmTC_34310.vcxproj]

    0 Aviso(s)
    2 Erro(s)

Tempo Decorrido 00:00:02.97


Determining if the include file unistd.h exists failed with the following output:
Change Dir: C:/Users/Kristofer Kappel/Documents/Facul/CG/CG_UFPel/CMakeFiles/CMakeTmp

Run Build Command:"C:\Program Files (x86)\Microsoft Visual Studio\2017\Community/MSBuild/15.0/Bin/MSBuild.exe" "cmTC_e7209.vcxproj" "/p:Configuration=Debug" "/p:VisualStudioVersion=15.0"
Microsoft(R) Build Engine versÆo 15.3.409.57025 para .NET Framework 
Copyright (C) Microsoft Corporation. Todos os direitos reservados.

Compila‡Æo de 28/09/2017 18:45:16 iniciada.
Projeto "C:\Users\Kristofer Kappel\Documents\Facul\CG\CG_UFPel\CMakeFiles\CMakeTmp\cmTC_e7209.vcxproj" no n¢ 1 (destinos padrÆo).
PrepareForBuild:
  Criando o diret¢rio "cmTC_e7209.dir\Debug\".
  Criando o diret¢rio "C:\Users\Kristofer Kappel\Documents\Facul\CG\CG_UFPel\CMakeFiles\CMakeTmp\Debug\".
  Criando o diret¢rio "cmTC_e7209.dir\Debug\cmTC_e7209.tlog\".
InitializeBuildStatus:
  Criando "cmTC_e7209.dir\Debug\cmTC_e7209.tlog\unsuccessfulbuild" porque "AlwaysCreate" foi especificado.
ClCompile:
  C:\Program Files (x86)\Microsoft Visual Studio\2017\Community\VC\Tools\MSVC\14.11.25503\bin\HostX86\x86\CL.exe /c /Zi /W3 /WX- /diagnostics:classic /Od /Ob0 /Oy- /D WIN32 /D _WINDOWS /D "CMAKE_INTDIR=\"Debug\"" /D _MBCS /Gm- /RTC1 /MDd /GS /fp:precise /Zc:wchar_t /Zc:forScope /Zc:inline /Fo"cmTC_e7209.dir\Debug\\" /Fd"cmTC_e7209.dir\Debug\vc141.pdb" /Gd /TC /analyze- /errorReport:queue "C:\Users\Kristofer Kappel\Documents\Facul\CG\CG_UFPel\CMakeFiles\CMakeTmp\CheckIncludeFile.c"
  Microsoft (R) C/C++ Optimizing Compiler VersÆo 19.11.25508.2 para x86
  Copyright (C) Microsoft Corporation. Todos os direitos reservados.
  
  cl /c /Zi /W3 /WX- /diagnostics:classic /Od /Ob0 /Oy- /D WIN32 /D _WINDOWS /D "CMAKE_INTDIR=\"Debug\"" /D _MBCS /Gm- /RTC1 /MDd /GS /fp:precise /Zc:wchar_t /Zc:forScope /Zc:inline /Fo"cmTC_e7209.dir\Debug\\" /Fd"cmTC_e7209.dir\Debug\vc141.pdb" /Gd /TC /analyze- /errorReport:queue "C:\Users\Kristofer Kappel\Documents\Facul\CG\CG_UFPel\CMakeFiles\CMakeTmp\CheckIncludeFile.c"
  CheckIncludeFile.c
  
C:\Users\Kristofer Kappel\Documents\Facul\CG\CG_UFPel\CMakeFiles\CMakeTmp\CheckIncludeFile.c(1): fatal error C1083: NÆo ‚ poss¡vel abrir arquivo incluir: 'unistd.h': No such file or directory [C:\Users\Kristofer Kappel\Documents\Facul\CG\CG_UFPel\CMakeFiles\CMakeTmp\cmTC_e7209.vcxproj]
Projeto de compila‡Æo pronto "C:\Users\Kristofer Kappel\Documents\Facul\CG\CG_UFPel\CMakeFiles\CMakeTmp\cmTC_e7209.vcxproj" (destinos padrÆo) -- FALHA.

FALHA da compila‡Æo.

"C:\Users\Kristofer Kappel\Documents\Facul\CG\CG_UFPel\CMakeFiles\CMakeTmp\cmTC_e7209.vcxproj" (destino padrÆo) (1) ->
(ClCompile destino) -> 
  C:\Users\Kristofer Kappel\Documents\Facul\CG\CG_UFPel\CMakeFiles\CMakeTmp\CheckIncludeFile.c(1): fatal error C1083: NÆo ‚ poss¡vel abrir arquivo incluir: 'unistd.h': No such file or directory [C:\Users\Kristofer Kappel\Documents\Facul\CG\CG_UFPel\CMakeFiles\CMakeTmp\cmTC_e7209.vcxproj]

    0 Aviso(s)
    1 Erro(s)

Tempo Decorrido 00:00:01.42


